#
# There is insufficient memory for the Java Runtime Environment to continue.
# Native memory allocation (malloc) failed to allocate 1047696 bytes for Chunk::new
# Possible reasons:
#   The system is out of physical RAM or swap space
#   In 32 bit mode, the process size limit was hit
# Possible solutions:
#   Reduce memory load on the system
#   Increase physical memory or swap space
#   Check if swap backing store is full
#   Use 64 bit Java on a 64 bit OS
#   Decrease Java heap size (-Xmx/-Xms)
#   Decrease number of Java threads
#   Decrease Java thread stack sizes (-Xss)
#   Set larger code cache with -XX:ReservedCodeCacheSize=
# This output file may be truncated or incomplete.
#
#  Out of Memory Error (allocation.cpp:390), pid=3624, tid=0x0000000000000934
#
# JRE version: OpenJDK Runtime Environment (8.0_112-b06) (build 1.8.0_112-release-b06)
# Java VM: OpenJDK 64-Bit Server VM (25.112-b06 mixed mode windows-amd64 compressed oops)
# Failed to write core dump. Minidumps are not enabled by default on client versions of Windows
#

---------------  T H R E A D  ---------------

Current thread (0x0000000055137800):  JavaThread "C2 CompilerThread0" daemon [_thread_in_native, id=2356, stack(0x0000000056b30000,0x0000000056c30000)]

Stack: [0x0000000056b30000,0x0000000056c30000]
[error occurred during error reporting (printing stack bounds), id 0xc0000005]

Native frames: (J=compiled Java code, j=interpreted, Vv=VM code, C=native code)


Current CompileTask:
C2:  37790 7214       4       org.codehaus.groovy.control.ResolveVisitor::resolveFromDefaultImports (148 bytes)


---------------  P R O C E S S  ---------------

Java Threads: ( => current thread )
  0x00000000590d5800 JavaThread "Stdin handler" [_thread_blocked, id=1508, stack(0x0000000061030000,0x0000000061130000)]
  0x00000000590d8000 JavaThread "Cancel handler" [_thread_blocked, id=6980, stack(0x0000000059d60000,0x0000000059e60000)]
  0x00000000590d6800 JavaThread "Handler for socket connection from /127.0.0.1:55299 to /127.0.0.1:55319" [_thread_in_native, id=1944, stack(0x0000000059c60000,0x0000000059d60000)]
  0x000000005a8dc800 JavaThread "File lock request listener" [_thread_in_native, id=7312, stack(0x000000005c8f0000,0x000000005c9f0000)]
  0x0000000058875800 JavaThread "Daemon worker" [_thread_in_native, id=7172, stack(0x0000000059f50000,0x000000005a050000)]
  0x000000005884c000 JavaThread "Daemon" [_thread_blocked, id=8128, stack(0x0000000059b20000,0x0000000059c20000)]
  0x0000000058a87800 JavaThread "Incoming local TCP Connector on port 55299" [_thread_in_native, id=8000, stack(0x0000000059670000,0x0000000059770000)]
  0x00000000567bd800 JavaThread "Service Thread" daemon [_thread_blocked, id=3680, stack(0x0000000057050000,0x0000000057150000)]
  0x0000000056742000 JavaThread "C1 CompilerThread2" daemon [_thread_blocked, id=8056, stack(0x0000000056ed0000,0x0000000056fd0000)]
  0x0000000056741000 JavaThread "C2 CompilerThread1" daemon [_thread_in_native, id=3736, stack(0x0000000056d10000,0x0000000056e10000)]
=>0x0000000055137800 JavaThread "C2 CompilerThread0" daemon [_thread_in_native, id=2356, stack(0x0000000056b30000,0x0000000056c30000)]
  0x0000000055132000 JavaThread "Attach Listener" daemon [_thread_blocked, id=7160, stack(0x0000000056530000,0x0000000056630000)]
  0x0000000055131000 JavaThread "Signal Dispatcher" daemon [_thread_blocked, id=2284, stack(0x0000000056630000,0x0000000056730000)]
  0x0000000055119000 JavaThread "Finalizer" daemon [_thread_blocked, id=8132, stack(0x0000000056350000,0x0000000056450000)]
  0x00000000550d2000 JavaThread "Reference Handler" daemon [_thread_blocked, id=5172, stack(0x0000000056190000,0x0000000056290000)]
  0x000000000224e800 JavaThread "main" [_thread_blocked, id=3716, stack(0x00000000023d0000,0x00000000024d0000)]

Other Threads:
  0x00000000550ca800 VMThread [stack: 0x0000000056030000,0x0000000056130000] [id=7296]
  0x00000000567be000 WatcherThread [stack: 0x0000000057230000,0x0000000057330000] [id=7064]

VM state:not at safepoint (normal execution)

VM Mutex/Monitor currently owned by a thread: None

Heap:
 PSYoungGen      total 221696K, used 30888K [0x00000000eab00000, 0x00000000f9600000, 0x0000000100000000)
  eden space 209920K, 14% used [0x00000000eab00000,0x00000000ec92a078,0x00000000f7800000)
  from space 11776K, 0% used [0x00000000f8880000,0x00000000f8880000,0x00000000f9400000)
  to   space 15360K, 0% used [0x00000000f7800000,0x00000000f7800000,0x00000000f8700000)
 ParOldGen       total 90112K, used 43956K [0x00000000c0000000, 0x00000000c5800000, 0x00000000eab00000)
  object space 90112K, 48% used [0x00000000c0000000,0x00000000c2aed048,0x00000000c5800000)
 Metaspace       used 52717K, capacity 54580K, committed 54784K, reserved 1095680K
  class space    used 7153K, capacity 7597K, committed 7680K, reserved 1048576K

Card table byte_map: [0x0000000011b60000,0x0000000011d70000] byte_map_base: 0x0000000011560000

Marking Bits: (ParMarkBitMap*) 0x00000000649e18f0
 Begin Bits: [0x0000000012540000, 0x0000000013540000)
 End Bits:   [0x0000000013540000, 0x0000000014540000)

Polling page: 0x0000000000130000

CodeCache: size=245760Kb used=22517Kb max_used=22517Kb free=223242Kb
 bounds [0x00000000027a0000, 0x0000000003e30000, 0x00000000117a0000]
 total_blobs=7002 nmethods=6277 adapters=637
 compilation: enabled

Compilation events (10 events):
Event: 37.746 Thread 0x0000000056742000 nmethod 7323 0x00000000029e6cd0 code [0x00000000029e6e60, 0x00000000029e7238]
Event: 37.746 Thread 0x0000000056742000 7324       3       org.apache.ivy.core.module.id.ModuleRevisionId::<init> (120 bytes)
Event: 37.748 Thread 0x0000000056741000 7328       4       java.net.URI::decode (370 bytes)
Event: 37.751 Thread 0x0000000056742000 nmethod 7324 0x00000000032fe6d0 code [0x00000000032feb00, 0x00000000033018c8]
Event: 37.751 Thread 0x0000000056742000 7325   !   3       org.apache.ivy.core.module.id.ModuleRevisionId::intern (71 bytes)
Event: 37.752 Thread 0x0000000056742000 nmethod 7325 0x0000000002913f90 code [0x0000000002914160, 0x0000000002914b18]
Event: 37.752 Thread 0x0000000056742000 7326       1       org.gradle.internal.component.model.DefaultComponentOverrideMetadata::getClientModule (5 bytes)
Event: 37.752 Thread 0x0000000056742000 nmethod 7326 0x0000000002913cd0 code [0x0000000002913e20, 0x0000000002913f30]
Event: 37.755 Thread 0x0000000056742000 7329       3       org.apache.ivy.core.module.id.ModuleRules::<init> (16 bytes)
Event: 37.756 Thread 0x0000000056742000 nmethod 7329 0x000000000352a3d0 code [0x000000000352a560, 0x000000000352a910]

GC Heap History (10 events):
Event: 16.059 GC heap before
{Heap before GC invocations=14 (full 2):
 PSYoungGen      total 153600K, used 142336K [0x00000000eab00000, 0x00000000f9400000, 0x0000000100000000)
  eden space 142336K, 100% used [0x00000000eab00000,0x00000000f3600000,0x00000000f3600000)
  from space 11264K, 0% used [0x00000000f3600000,0x00000000f3600000,0x00000000f4100000)
  to   space 11776K, 0% used [0x00000000f8880000,0x00000000f8880000,0x00000000f9400000)
 ParOldGen       total 47616K, used 15839K [0x00000000c0000000, 0x00000000c2e80000, 0x00000000eab00000)
  object space 47616K, 33% used [0x00000000c0000000,0x00000000c0f77d48,0x00000000c2e80000)
 Metaspace       used 43618K, capacity 44608K, committed 44800K, reserved 1087488K
  class space    used 5775K, capacity 6022K, committed 6144K, reserved 1048576K
Event: 16.103 GC heap after
Heap after GC invocations=14 (full 2):
 PSYoungGen      total 221696K, used 11756K [0x00000000eab00000, 0x00000000f9600000, 0x0000000100000000)
  eden space 209920K, 0% used [0x00000000eab00000,0x00000000eab00000,0x00000000f7800000)
  from space 11776K, 99% used [0x00000000f8880000,0x00000000f93fb0c8,0x00000000f9400000)
  to   space 15360K, 0% used [0x00000000f7800000,0x00000000f7800000,0x00000000f8700000)
 ParOldGen       total 47616K, used 21113K [0x00000000c0000000, 0x00000000c2e80000, 0x00000000eab00000)
  object space 47616K, 44% used [0x00000000c0000000,0x00000000c149e408,0x00000000c2e80000)
 Metaspace       used 43618K, capacity 44608K, committed 44800K, reserved 1087488K
  class space    used 5775K, capacity 6022K, committed 6144K, reserved 1048576K
}
Event: 25.367 GC heap before
{Heap before GC invocations=15 (full 2):
 PSYoungGen      total 221696K, used 221676K [0x00000000eab00000, 0x00000000f9600000, 0x0000000100000000)
  eden space 209920K, 100% used [0x00000000eab00000,0x00000000f7800000,0x00000000f7800000)
  from space 11776K, 99% used [0x00000000f8880000,0x00000000f93fb0c8,0x00000000f9400000)
  to   space 15360K, 0% used [0x00000000f7800000,0x00000000f7800000,0x00000000f8700000)
 ParOldGen       total 47616K, used 21113K [0x00000000c0000000, 0x00000000c2e80000, 0x00000000eab00000)
  object space 47616K, 44% used [0x00000000c0000000,0x00000000c149e408,0x00000000c2e80000)
 Metaspace       used 50994K, capacity 52314K, committed 52608K, reserved 1095680K
  class space    used 6896K, capacity 7220K, committed 7296K, reserved 1048576K
Event: 25.416 GC heap after
Heap after GC invocations=15 (full 2):
 PSYoungGen      total 225280K, used 15329K [0x00000000eab00000, 0x00000000f9600000, 0x0000000100000000)
  eden space 209920K, 0% used [0x00000000eab00000,0x00000000eab00000,0x00000000f7800000)
  from space 15360K, 99% used [0x00000000f7800000,0x00000000f86f86b0,0x00000000f8700000)
  to   space 11776K, 0% used [0x00000000f8880000,0x00000000f8880000,0x00000000f9400000)
 ParOldGen       total 47616K, used 39235K [0x00000000c0000000, 0x00000000c2e80000, 0x00000000eab00000)
  object space 47616K, 82% used [0x00000000c0000000,0x00000000c2650c70,0x00000000c2e80000)
 Metaspace       used 50994K, capacity 52314K, committed 52608K, reserved 1095680K
  class space    used 6896K, capacity 7220K, committed 7296K, reserved 1048576K
}
Event: 25.417 GC heap before
{Heap before GC invocations=16 (full 3):
 PSYoungGen      total 225280K, used 15329K [0x00000000eab00000, 0x00000000f9600000, 0x0000000100000000)
  eden space 209920K, 0% used [0x00000000eab00000,0x00000000eab00000,0x00000000f7800000)
  from space 15360K, 99% used [0x00000000f7800000,0x00000000f86f86b0,0x00000000f8700000)
  to   space 11776K, 0% used [0x00000000f8880000,0x00000000f8880000,0x00000000f9400000)
 ParOldGen       total 47616K, used 39235K [0x00000000c0000000, 0x00000000c2e80000, 0x00000000eab00000)
  object space 47616K, 82% used [0x00000000c0000000,0x00000000c2650c70,0x00000000c2e80000)
 Metaspace       used 50994K, capacity 52314K, committed 52608K, reserved 1095680K
  class space    used 6896K, capacity 7220K, committed 7296K, reserved 1048576K
Event: 25.800 GC heap after
Heap after GC invocations=16 (full 3):
 PSYoungGen      total 225280K, used 1483K [0x00000000eab00000, 0x00000000f9600000, 0x0000000100000000)
  eden space 209920K, 0% used [0x00000000eab00000,0x00000000eab00000,0x00000000f7800000)
  from space 15360K, 9% used [0x00000000f7800000,0x00000000f7972fc8,0x00000000f8700000)
  to   space 11776K, 0% used [0x00000000f8880000,0x00000000f8880000,0x00000000f9400000)
 ParOldGen       total 90112K, used 47210K [0x00000000c0000000, 0x00000000c5800000, 0x00000000eab00000)
  object space 90112K, 52% used [0x00000000c0000000,0x00000000c2e1a860,0x00000000c5800000)
 Metaspace       used 50994K, capacity 52314K, committed 52608K, reserved 1095680K
  class space    used 6896K, capacity 7220K, committed 7296K, reserved 1048576K
}
Event: 30.553 GC heap before
{Heap before GC invocations=17 (full 3):
 PSYoungGen      total 225280K, used 56116K [0x00000000eab00000, 0x00000000f9600000, 0x0000000100000000)
  eden space 209920K, 26% used [0x00000000eab00000,0x00000000ee05a258,0x00000000f7800000)
  from space 15360K, 9% used [0x00000000f7800000,0x00000000f7972fc8,0x00000000f8700000)
  to   space 11776K, 0% used [0x00000000f8880000,0x00000000f8880000,0x00000000f9400000)
 ParOldGen       total 90112K, used 47210K [0x00000000c0000000, 0x00000000c5800000, 0x00000000eab00000)
  object space 90112K, 52% used [0x00000000c0000000,0x00000000c2e1a860,0x00000000c5800000)
 Metaspace       used 52359K, capacity 54116K, committed 54272K, reserved 1095680K
  class space    used 7125K, capacity 7565K, committed 7680K, reserved 1048576K
Event: 30.588 GC heap after
Heap after GC invocations=17 (full 3):
 PSYoungGen      total 221696K, used 2605K [0x00000000eab00000, 0x00000000f9600000, 0x0000000100000000)
  eden space 209920K, 0% used [0x00000000eab00000,0x00000000eab00000,0x00000000f7800000)
  from space 11776K, 22% used [0x00000000f8880000,0x00000000f8b0b7c8,0x00000000f9400000)
  to   space 15360K, 0% used [0x00000000f7800000,0x00000000f7800000,0x00000000f8700000)
 ParOldGen       total 90112K, used 48721K [0x00000000c0000000, 0x00000000c5800000, 0x00000000eab00000)
  object space 90112K, 54% used [0x00000000c0000000,0x00000000c2f946b0,0x00000000c5800000)
 Metaspace       used 52359K, capacity 54116K, committed 54272K, reserved 1095680K
  class space    used 7125K, capacity 7565K, committed 7680K, reserved 1048576K
}
Event: 30.588 GC heap before
{Heap before GC invocations=18 (full 4):
 PSYoungGen      total 221696K, used 2605K [0x00000000eab00000, 0x00000000f9600000, 0x0000000100000000)
  eden space 209920K, 0% used [0x00000000eab00000,0x00000000eab00000,0x00000000f7800000)
  from space 11776K, 22% used [0x00000000f8880000,0x00000000f8b0b7c8,0x00000000f9400000)
  to   space 15360K, 0% used [0x00000000f7800000,0x00000000f7800000,0x00000000f8700000)
 ParOldGen       total 90112K, used 48721K [0x00000000c0000000, 0x00000000c5800000, 0x00000000eab00000)
  object space 90112K, 54% used [0x00000000c0000000,0x00000000c2f946b0,0x00000000c5800000)
 Metaspace       used 52359K, capacity 54116K, committed 54272K, reserved 1095680K
  class space    used 7125K, capacity 7565K, committed 7680K, reserved 1048576K
Event: 31.154 GC heap after
Heap after GC invocations=18 (full 4):
 PSYoungGen      total 221696K, used 0K [0x00000000eab00000, 0x00000000f9600000, 0x0000000100000000)
  eden space 209920K, 0% used [0x00000000eab00000,0x00000000eab00000,0x00000000f7800000)
  from space 11776K, 0% used [0x00000000f8880000,0x00000000f8880000,0x00000000f9400000)
  to   space 15360K, 0% used [0x00000000f7800000,0x00000000f7800000,0x00000000f8700000)
 ParOldGen       total 90112K, used 43956K [0x00000000c0000000, 0x00000000c5800000, 0x00000000eab00000)
  object space 90112K, 48% used [0x00000000c0000000,0x00000000c2aed048,0x00000000c5800000)
 Metaspace       used 52359K, capacity 54116K, committed 54272K, reserved 1095680K
  class space    used 7125K, capacity 7565K, committed 7680K, reserved 1048576K
}

Deoptimization events (10 events):
Event: 30.549 Thread 0x0000000058aad800 Uncommon trap: reason=unstable_if action=reinterpret pc=0x0000000003c25f10 method=java.util.concurrent.locks.AbstractQueuedSynchronizer.release(I)Z @ 14
Event: 30.549 Thread 0x0000000058875800 Uncommon trap: reason=unstable_if action=reinterpret pc=0x0000000002979504 method=java.util.concurrent.locks.AbstractQueuedSynchronizer.release(I)Z @ 14
Event: 30.550 Thread 0x0000000058875800 Uncommon trap: reason=unstable_if action=reinterpret pc=0x0000000003d6a52c method=java.util.TreeMap.put(Ljava/lang/Object;Ljava/lang/Object;)Ljava/lang/Object; @ 90
Event: 31.168 Thread 0x0000000055119000 Uncommon trap: reason=unstable_if action=reinterpret pc=0x000000000324579c method=com.sun.crypto.provider.GaloisCounterMode.decryptFinal([BII[BI)I @ 5
Event: 31.331 Thread 0x0000000058922000 Uncommon trap: reason=unstable_if action=reinterpret pc=0x0000000003d79620 method=java.util.concurrent.locks.AbstractQueuedSynchronizer.acquire(I)V @ 5
Event: 31.336 Thread 0x000000005884e800 Uncommon trap: reason=predicate action=maybe_recompile pc=0x0000000002f4a934 method=sun.nio.ch.WindowsSelectorImpl$SubSelector.processFDSet(J[IIZ)I @ 14
Event: 36.641 Thread 0x000000005884c000 Uncommon trap: reason=unstable_if action=reinterpret pc=0x0000000003db6cec method=java.io.ObjectOutputStream.defaultWriteFields(Ljava/lang/Object;Ljava/io/ObjectStreamClass;)V @ 43
Event: 36.669 Thread 0x0000000058875800 Uncommon trap: reason=range_check action=make_not_entrant pc=0x0000000003d59618 method=java.lang.String.charAt(I)C @ 27
Event: 36.681 Thread 0x0000000058875800 Uncommon trap: reason=unstable_if action=reinterpret pc=0x0000000003ce8964 method=java.util.Formatter$FormatSpecifier.conversion(Ljava/lang/String;)C @ 80
Event: 36.681 Thread 0x0000000058875800 Uncommon trap: reason=unstable_if action=reinterpret pc=0x0000000003cb88fc method=java.util.Formatter$FormatSpecifier.conversion(Ljava/lang/String;)C @ 80

Internal exceptions (10 events):
Event: 31.194 Thread 0x000000005884c000 Exception <a 'java/lang/NoSuchMethodError': <clinit>> (0x00000000eadafce8) thrown at [C:\src\android\AOSP-openjdk\external\jetbrains\jdk\hotspot\src\share\vm\prims\jni.cpp, line 1613]
Event: 31.196 Thread 0x000000005884c000 Exception <a 'java/lang/NoSuchMethodError': <clinit>> (0x00000000eadbe4b0) thrown at [C:\src\android\AOSP-openjdk\external\jetbrains\jdk\hotspot\src\share\vm\prims\jni.cpp, line 1613]
Event: 31.317 Thread 0x000000005884c000 Exception <a 'java/lang/NoSuchMethodError': <clinit>> (0x00000000eaddd2d0) thrown at [C:\src\android\AOSP-openjdk\external\jetbrains\jdk\hotspot\src\share\vm\prims\jni.cpp, line 1613]
Event: 31.318 Thread 0x000000005884c000 Exception <a 'java/lang/NoSuchMethodError': <clinit>> (0x00000000eade92e0) thrown at [C:\src\android\AOSP-openjdk\external\jetbrains\jdk\hotspot\src\share\vm\prims\jni.cpp, line 1613]
Event: 31.337 Thread 0x000000005884e800 Exception <a 'java/lang/NoSuchMethodError': <clinit>> (0x00000000eb0479e0) thrown at [C:\src\android\AOSP-openjdk\external\jetbrains\jdk\hotspot\src\share\vm\prims\jni.cpp, line 1613]
Event: 36.615 Thread 0x00000000590d6800 Exception <a 'java/lang/NoSuchMethodError': <clinit>> (0x00000000eb24e108) thrown at [C:\src\android\AOSP-openjdk\external\jetbrains\jdk\hotspot\src\share\vm\prims\jni.cpp, line 1613]
Event: 36.624 Thread 0x00000000590d6800 Exception <a 'java/lang/NoSuchMethodError': <clinit>> (0x00000000eb26d7e8) thrown at [C:\src\android\AOSP-openjdk\external\jetbrains\jdk\hotspot\src\share\vm\prims\jni.cpp, line 1613]
Event: 36.641 Thread 0x000000005884c000 Implicit null exception at 0x0000000003db3acb to 0x0000000003db6cd1
Event: 37.258 Thread 0x0000000058875800 Exception <a 'java/lang/ClassNotFoundException': asLocalRepo12729_yxx17v81sqwc2sb6wgysv3vdBeanInfo> (0x00000000ec4460f8) thrown at [C:\src\android\AOSP-openjdk\external\jetbrains\jdk\hotspot\src\share\vm\classfile\systemDictionary.cpp, line 210]
Event: 37.259 Thread 0x0000000058875800 Exception <a 'java/lang/ClassNotFoundException': asLocalRepo12729_yxx17v81sqwc2sb6wgysv3vdCustomizer> (0x00000000ec44fac0) thrown at [C:\src\android\AOSP-openjdk\external\jetbrains\jdk\hotspot\src\share\vm\classfile\systemDictionary.cpp, line 210]

Events (10 events):
Event: 37.417 loading class asLocalRepo12729_yxx17v81sqwc2sb6wgysv3vd$_run_closure1$_closure3
Event: 37.417 loading class asLocalRepo12729_yxx17v81sqwc2sb6wgysv3vd$_run_closure1$_closure3 done
Event: 37.418 loading class groovy/runtime/metaclass/asLocalRepo12729_yxx17v81sqwc2sb6wgysv3vd$_run_closure1$_closure3MetaClass
Event: 37.418 loading class groovy/runtime/metaclass/asLocalRepo12729_yxx17v81sqwc2sb6wgysv3vd$_run_closure1$_closure3MetaClass done
Event: 37.419 loading class asLocalRepo12729_yxx17v81sqwc2sb6wgysv3vd$_run_closure1$_closure3$_closure6
Event: 37.419 loading class asLocalRepo12729_yxx17v81sqwc2sb6wgysv3vd$_run_closure1$_closure3$_closure6 done
Event: 37.420 loading class groovy/runtime/metaclass/asLocalRepo12729_yxx17v81sqwc2sb6wgysv3vd$_run_closure1$_closure3$_closure6MetaClass
Event: 37.420 loading class groovy/runtime/metaclass/asLocalRepo12729_yxx17v81sqwc2sb6wgysv3vd$_run_closure1$_closure3$_closure6MetaClass done
Event: 37.483 Executing VM operation: ForceSafepoint
Event: 37.483 Executing VM operation: ForceSafepoint done


Dynamic libraries:
0x000000013fb20000 - 0x000000013fb51000 	C:\Program Files\Android\Android Studio\jre\bin\java.exe
0x0000000076d40000 - 0x0000000076eea000 	C:\Windows\SYSTEM32\ntdll.dll
0x0000000076b20000 - 0x0000000076c3f000 	C:\Windows\system32\kernel32.dll
0x000007fefcc10000 - 0x000007fefcc7a000 	C:\Windows\system32\KERNELBASE.dll
0x000007fefcf00000 - 0x000007fefcfdb000 	C:\Windows\system32\ADVAPI32.dll
0x000007fefd1b0000 - 0x000007fefd24f000 	C:\Windows\system32\msvcrt.dll
0x000007fefd520000 - 0x000007fefd53f000 	C:\Windows\SYSTEM32\sechost.dll
0x000007fefd080000 - 0x000007fefd1ad000 	C:\Windows\system32\RPCRT4.dll
0x0000000076c40000 - 0x0000000076d3a000 	C:\Windows\system32\USER32.dll
0x000007fefd590000 - 0x000007fefd5f7000 	C:\Windows\system32\GDI32.dll
0x000007fefea30000 - 0x000007fefea3e000 	C:\Windows\system32\LPK.dll
0x000007fefea40000 - 0x000007fefeb0b000 	C:\Windows\system32\USP10.dll
0x000007fefc350000 - 0x000007fefc544000 	C:\Windows\WinSxS\amd64_microsoft.windows.common-controls_6595b64144ccf1df_6.0.7601.18837_none_fa3b1e3d17594757\COMCTL32.dll
0x000007fefe620000 - 0x000007fefe691000 	C:\Windows\system32\SHLWAPI.dll
0x000007fefecf0000 - 0x000007fefed1e000 	C:\Windows\system32\IMM32.DLL
0x000007fefcdf0000 - 0x000007fefcef9000 	C:\Windows\system32\MSCTF.dll
0x00000000663d0000 - 0x00000000664a2000 	C:\Program Files\Android\Android Studio\jre\jre\bin\msvcr100.dll
0x0000000064220000 - 0x0000000064a5c000 	C:\Program Files\Android\Android Studio\jre\jre\bin\server\jvm.dll
0x000007fef7500000 - 0x000007fef7509000 	C:\Windows\system32\WSOCK32.dll
0x000007fefd540000 - 0x000007fefd58d000 	C:\Windows\system32\WS2_32.dll
0x000007fefd700000 - 0x000007fefd708000 	C:\Windows\system32\NSI.dll
0x000007fef98f0000 - 0x000007fef992b000 	C:\Windows\system32\WINMM.dll
0x000007fefbae0000 - 0x000007fefbaec000 	C:\Windows\system32\VERSION.dll
0x0000000076f10000 - 0x0000000076f17000 	C:\Windows\system32\PSAPI.DLL
0x000007fef5b90000 - 0x000007fef5b9f000 	C:\Program Files\Android\Android Studio\jre\jre\bin\verify.dll
0x000007fee3b20000 - 0x000007fee3b49000 	C:\Program Files\Android\Android Studio\jre\jre\bin\java.dll
0x000007fee4510000 - 0x000007fee4526000 	C:\Program Files\Android\Android Studio\jre\jre\bin\zip.dll
0x000007fefd7b0000 - 0x000007fefe53a000 	C:\Windows\system32\SHELL32.dll
0x000007fefe6a0000 - 0x000007fefe89c000 	C:\Windows\system32\ole32.dll
0x000007fefca40000 - 0x000007fefca4f000 	C:\Windows\system32\profapi.dll
0x000007fee3b00000 - 0x000007fee3b1a000 	C:\Program Files\Android\Android Studio\jre\jre\bin\net.dll
0x0000000180000000 - 0x00000001800bc000 	C:\Windows\system32\BfLLR.dll
0x000007fefb3a0000 - 0x000007fefb3c7000 	C:\Windows\system32\IPHLPAPI.DLL
0x000007fefb390000 - 0x000007fefb39b000 	C:\Windows\system32\WINNSI.DLL
0x000007fefb370000 - 0x000007fefb388000 	C:\Windows\system32\dhcpcsvc.DLL
0x000007fefb350000 - 0x000007fefb361000 	C:\Windows\system32\dhcpcsvc6.DLL
0x000007fefbe80000 - 0x000007fefbed5000 	C:\Windows\system32\mswsock.dll
0x000007fefc0a0000 - 0x000007fefc0a7000 	C:\Windows\System32\wship6.dll
0x000007fee3ae0000 - 0x000007fee3af1000 	C:\Program Files\Android\Android Studio\jre\jre\bin\nio.dll
0x000007fef09a0000 - 0x000007fef09b2000 	C:\Users\Hasan\.gradle\native\19\windows-amd64\native-platform.dll
0x000007fefbf40000 - 0x000007fefbf58000 	C:\Windows\system32\CRYPTSP.dll
0x000007fefbbf0000 - 0x000007fefbc37000 	C:\Windows\system32\rsaenh.dll
0x000007fefca50000 - 0x000007fefca6e000 	C:\Windows\system32\USERENV.dll
0x000007fefc8d0000 - 0x000007fefc8df000 	C:\Windows\system32\CRYPTBASE.dll
0x000007fefc870000 - 0x000007fefc8c7000 	C:\Windows\system32\apphelp.dll
0x000007fee2c30000 - 0x000007fee2c3d000 	C:\Program Files\Android\Android Studio\jre\jre\bin\management.dll
0x000007fee2b90000 - 0x000007fee2bb4000 	C:\Program Files\Android\Android Studio\jre\jre\bin\sunec.dll
0x000007fefb340000 - 0x000007fefb347000 	C:\Windows\System32\wshtcpip.dll
0x000007fefbce0000 - 0x000007fefbd3b000 	C:\Windows\system32\DNSAPI.dll
0x000007fef72c0000 - 0x000007fef72ef000 	C:\Program Files\Common Files\Microsoft Shared\Windows Live\WLIDNSP.DLL
0x000000006bdb0000 - 0x000000006bdd6000 	C:\Program Files\Bonjour\mdnsNSP.dll
0x000007fef72b0000 - 0x000007fef72b8000 	C:\Windows\system32\rasadhlp.dll
0x000007fef9170000 - 0x000007fef91c3000 	C:\Windows\System32\fwpuclnt.dll
0x000007fee2b80000 - 0x000007fee2b8b000 	C:\Program Files\Android\Android Studio\jre\jre\bin\sunmscapi.dll
0x000007fefcaa0000 - 0x000007fefcc0d000 	C:\Windows\system32\CRYPT32.dll
0x000007fefca30000 - 0x000007fefca3f000 	C:\Windows\system32\MSASN1.dll

VM Arguments:
jvm_args: -XX:MaxPermSize=256m -XX:+HeapDumpOnOutOfMemoryError -Xmx1024m -Dfile.encoding=windows-1252 -Duser.country=US -Duser.language=en -Duser.variant 
java_command: org.gradle.launcher.daemon.bootstrap.GradleDaemon 2.10
java_class_path (initial): C:\Users\Hasan\.gradle\wrapper\dists\gradle-2.10-all\a4w5fzrkeut1ox71xslb49gst\gradle-2.10\lib\gradle-launcher-2.10.jar
Launcher Type: SUN_STANDARD

Environment Variables:
PATH=C:\Program Files\Python3564\Scripts\;C:\Program Files\Python3564\;C:\Program Files (x86)\NVIDIA Corporation\PhysX\Common;C:\ProgramData\Oracle\Java\javapath;C:\Program Files\Python3564;C:\Program Files\Python3564\scripts;C:\Program Files\nodejs;C:\windows\system32;C:\Program Files\PuTTY\;E:\platform-tools;C:\Users\Hasan\AppData\Roaming\npm;C:\windows\system32;
USERNAME=Hasan
OS=Windows_NT
PROCESSOR_IDENTIFIER=Intel64 Family 6 Model 58 Stepping 9, GenuineIntel



---------------  S Y S T E M  ---------------

OS: Windows 7 , 64 bit Build 7601 (6.1.7601.23889)

CPU:total 4 (2 cores per cpu, 2 threads per core) family 6 model 58 stepping 9, cmov, cx8, fxsr, mmx, sse, sse2, sse3, ssse3, sse4.1, sse4.2, popcnt, avx, aes, clmul, erms, ht, tsc, tscinvbit, tscinv

Memory: 4k page, physical 3742220k(76276k free), swap 7836360k(5456k free)

vm_info: OpenJDK 64-Bit Server VM (25.112-b06) for windows-amd64 JRE (1.8.0_112-release-b06), built on Dec  8 2016 00:54:26 by "builder" with MS VC++ 10.0 (VS2010)

time: Mon Oct 09 16:26:23 2017
elapsed time: 37 seconds (0d 0h 0m 37s)

